build/app/intermediates/manifest_merge_blame_file/debug/manifest-merger-blame-debug-report.txt
1<?xml version="1.0" encoding="utf-8"?>
2<manifest xmlns:android="http://schemas.android.com/apk/res/android"
3    package="com.guscom.izwrk"
4    android:versionCode="3"
5    android:versionName="1.0.2" >
6
7    <uses-sdk
8        android:minSdkVersion="20"
9        android:targetSdkVersion="33" />
10    <!--
11         The INTERNET permission is required for development. Specifically,
12         the Flutter tool needs it to communicate with the running application
13         to allow setting breakpoints, to provide hot reload, etc.
14    -->
15    <uses-permission android:name="android.permission.INTERNET" />
15-->src/main/AndroidManifest.xml:4:5-66
15-->src/main/AndroidManifest.xml:4:22-64
16    <uses-permission android:name="android.permission.ACCESS_WIFI_STATE" />
16-->src/main/AndroidManifest.xml:5:5-75
16-->src/main/AndroidManifest.xml:5:22-73
17    <uses-permission android:name="android.permission.ACCESS_NETWORK_STATE" />
17-->src/main/AndroidManifest.xml:6:5-79
17-->src/main/AndroidManifest.xml:6:22-76
18    <uses-permission android:name="android.permission.ACCESS_FINE_LOCATION" />
18-->src/main/AndroidManifest.xml:7:5-79
18-->src/main/AndroidManifest.xml:7:22-76
19    <uses-permission android:name="android.permission.ACCESS_COARSE_LOCATION" />
19-->src/main/AndroidManifest.xml:8:5-81
19-->src/main/AndroidManifest.xml:8:22-78
20    <uses-permission android:name="android.permission.RECORD_AUDIO" />
20-->src/main/AndroidManifest.xml:9:5-71
20-->src/main/AndroidManifest.xml:9:22-68
21    <uses-permission android:name="android.permission.WRITE_EXTERNAL_STORAGE" /> <!-- #docregion android-queries -->
21-->src/main/AndroidManifest.xml:10:5-81
21-->src/main/AndroidManifest.xml:10:22-78
22    <!-- Provide required visibility configuration for API level 30 and above -->
23    <queries>
23-->src/main/AndroidManifest.xml:14:5-37:13
24        <package android:name="com.instagram.android" />
24-->src/main/AndroidManifest.xml:15:7-55
24-->src/main/AndroidManifest.xml:15:16-52
25        <package android:name="com.facebook.katana" />
25-->src/main/AndroidManifest.xml:16:7-53
25-->src/main/AndroidManifest.xml:16:16-50
26        <package android:name="com.facebook.orca" />
26-->src/main/AndroidManifest.xml:17:7-51
26-->src/main/AndroidManifest.xml:17:16-48
27        <package android:name="org.telegram.messenger" />
27-->src/main/AndroidManifest.xml:18:7-56
27-->src/main/AndroidManifest.xml:18:16-53
28        <package android:name="com.whatsapp" />
28-->src/main/AndroidManifest.xml:19:7-46
28-->src/main/AndroidManifest.xml:19:16-43
29        <package android:name="com.twitter.android" />
29-->src/main/AndroidManifest.xml:20:7-53
29-->src/main/AndroidManifest.xml:20:16-50
30        <!-- If your app checks for SMS support -->
31        <intent>
31-->src/main/AndroidManifest.xml:22:5-25:14
32            <action android:name="android.intent.action.VIEW" />
32-->src/main/AndroidManifest.xml:23:7-59
32-->src/main/AndroidManifest.xml:23:15-56
33
34            <data android:scheme="sms" />
34-->src/main/AndroidManifest.xml:24:7-36
34-->src/main/AndroidManifest.xml:24:13-33
35        </intent>
36        <!-- If your app checks for call support -->
37        <intent>
37-->src/main/AndroidManifest.xml:27:5-30:14
38            <action android:name="android.intent.action.VIEW" />
38-->src/main/AndroidManifest.xml:23:7-59
38-->src/main/AndroidManifest.xml:23:15-56
39
40            <data android:scheme="tel" />
40-->src/main/AndroidManifest.xml:24:7-36
40-->src/main/AndroidManifest.xml:24:13-33
41        </intent>
42        <!--
43         The "https" scheme is only required for integration tests of this package.
44         It shouldn't be needed in most actual apps, or show up in the README!
45        -->
46        <intent>
46-->src/main/AndroidManifest.xml:33:5-36:14
47            <action android:name="android.intent.action.VIEW" />
47-->src/main/AndroidManifest.xml:23:7-59
47-->src/main/AndroidManifest.xml:23:15-56
48
49            <data android:scheme="https" />
49-->src/main/AndroidManifest.xml:24:7-36
49-->src/main/AndroidManifest.xml:24:13-33
50        </intent>
51        <intent>
51-->[:file_picker] AndroidManifest.xml:12:9-16:18
52            <action android:name="android.intent.action.GET_CONTENT" />
52-->[:file_picker] AndroidManifest.xml:13:13-72
52-->[:file_picker] AndroidManifest.xml:13:21-69
53
54            <data android:mimeType="*/*" />
54-->src/main/AndroidManifest.xml:24:7-36
55        </intent> <!-- Needs to be explicitly declared on Android R+ -->
56        <package android:name="com.google.android.apps.maps" />
56-->[com.google.android.gms:play-services-maps:18.1.0] AndroidManifest.xml:33:9-64
56-->[com.google.android.gms:play-services-maps:18.1.0] AndroidManifest.xml:33:18-61
57
58        <intent>
58-->[androidx.media2:media2-session:1.2.0] AndroidManifest.xml:25:9-27:18
59            <action android:name="android.media.browse.MediaBrowserService" />
59-->[androidx.media2:media2-session:1.2.0] AndroidManifest.xml:26:13-79
59-->[androidx.media2:media2-session:1.2.0] AndroidManifest.xml:26:21-76
60        </intent>
61        <intent>
61-->[androidx.media2:media2-session:1.2.0] AndroidManifest.xml:28:9-30:18
62            <action android:name="androidx.media2.session.MediaSessionService" />
62-->[androidx.media2:media2-session:1.2.0] AndroidManifest.xml:29:13-82
62-->[androidx.media2:media2-session:1.2.0] AndroidManifest.xml:29:21-79
63        </intent>
64        <intent>
64-->[androidx.media2:media2-session:1.2.0] AndroidManifest.xml:31:9-33:18
65            <action android:name="androidx.media2.session.MediaLibraryService" />
65-->[androidx.media2:media2-session:1.2.0] AndroidManifest.xml:32:13-82
65-->[androidx.media2:media2-session:1.2.0] AndroidManifest.xml:32:21-79
66        </intent>
67    </queries> <!-- Provide required visibility configuration for API level 30 and above -->
68    <queries>
68-->src/main/AndroidManifest.xml:14:5-37:13
69
70        <!-- If your app checks for SMS support -->
71        <intent>
71-->src/main/AndroidManifest.xml:22:5-25:14
72            <action android:name="android.intent.action.VIEW" />
72-->src/main/AndroidManifest.xml:23:7-59
72-->src/main/AndroidManifest.xml:23:15-56
73
74            <data android:scheme="sms" />
74-->src/main/AndroidManifest.xml:24:7-36
74-->src/main/AndroidManifest.xml:24:13-33
75        </intent>
76        <!-- If your app checks for call support -->
77        <intent>
77-->src/main/AndroidManifest.xml:27:5-30:14
78            <action android:name="android.intent.action.VIEW" />
78-->src/main/AndroidManifest.xml:23:7-59
78-->src/main/AndroidManifest.xml:23:15-56
79
80            <data android:scheme="tel" />
80-->src/main/AndroidManifest.xml:24:7-36
80-->src/main/AndroidManifest.xml:24:13-33
81        </intent>
82    </queries>
83
84    <uses-permission android:name="android.permission.FOREGROUND_SERVICE" />
84-->[:geolocator_android] AndroidManifest.xml:9:5-77
84-->[:geolocator_android] AndroidManifest.xml:9:22-74
85    <uses-permission
85-->[:file_picker] AndroidManifest.xml:9:5-80
86        android:name="android.permission.READ_EXTERNAL_STORAGE"
86-->[:file_picker] AndroidManifest.xml:9:22-77
87        android:maxSdkVersion="32" />
87-->[:open_filex] AndroidManifest.xml:12:9-35
88    <uses-permission android:name="android.permission.READ_MEDIA_IMAGES" />
88-->[:open_filex] AndroidManifest.xml:13:5-76
88-->[:open_filex] AndroidManifest.xml:13:22-73
89    <uses-permission android:name="android.permission.READ_MEDIA_VIDEO" />
89-->[:open_filex] AndroidManifest.xml:14:5-75
89-->[:open_filex] AndroidManifest.xml:14:22-72
90    <uses-permission android:name="android.permission.READ_MEDIA_AUDIO" />
90-->[:open_filex] AndroidManifest.xml:15:5-75
90-->[:open_filex] AndroidManifest.xml:15:22-72
91
92    <uses-feature
92-->[com.google.android.gms:play-services-maps:18.1.0] AndroidManifest.xml:26:5-28:35
93        android:glEsVersion="0x00020000"
93-->[com.google.android.gms:play-services-maps:18.1.0] AndroidManifest.xml:27:9-41
94        android:required="true" />
94-->[com.google.android.gms:play-services-maps:18.1.0] AndroidManifest.xml:28:9-32
95
96    <permission
96-->[androidx.core:core:1.9.0] AndroidManifest.xml:22:5-24:47
97        android:name="com.guscom.izwrk.DYNAMIC_RECEIVER_NOT_EXPORTED_PERMISSION"
97-->[androidx.core:core:1.9.0] AndroidManifest.xml:23:9-81
98        android:protectionLevel="signature" />
98-->[androidx.core:core:1.9.0] AndroidManifest.xml:24:9-44
99
100    <uses-permission android:name="com.guscom.izwrk.DYNAMIC_RECEIVER_NOT_EXPORTED_PERMISSION" />
100-->[androidx.core:core:1.9.0] AndroidManifest.xml:26:5-97
100-->[androidx.core:core:1.9.0] AndroidManifest.xml:26:22-94
101
102    <application
103        android:name="android.app.Application"
104        android:allowBackup="false"
105        android:appComponentFactory="androidx.core.app.CoreComponentFactory"
105-->[androidx.core:core:1.9.0] AndroidManifest.xml:28:18-86
106        android:debuggable="true"
107        android:icon="@mipmap/launcher_icon"
108        android:label="Izowork"
109        android:usesCleartextTraffic="true" >
110        <activity
111            android:name="com.guscom.izwrk.MainActivity"
112            android:configChanges="orientation|keyboardHidden|keyboard|screenSize|smallestScreenSize|locale|layoutDirection|fontScale|screenLayout|density|uiMode"
113            android:exported="true"
114            android:hardwareAccelerated="true"
115            android:launchMode="singleTop"
116            android:theme="@style/LaunchTheme"
117            android:windowSoftInputMode="adjustResize" >
118
119            <!--
120                 Specifies an Android theme to apply to this Activity as soon as
121                 the Android process has started. This theme is visible to the user
122                 while the Flutter UI initializes. After that, this theme continues
123                 to determine the Window background behind the Flutter UI.
124            -->
125            <meta-data
126                android:name="io.flutter.embedding.android.NormalTheme"
127                android:resource="@style/NormalTheme" />
128
129            <intent-filter>
130                <action android:name="android.intent.action.MAIN" />
131
132                <category android:name="android.intent.category.LAUNCHER" />
133            </intent-filter>
134        </activity>
135        <!--
136             Don't delete the meta-data below.
137             This is used by the Flutter tool to generate GeneratedPluginRegistrant.java
138        -->
139        <meta-data
140            android:name="flutterEmbedding"
141            android:value="2" />
142        <!--
143             <meta-data android:name="com.google.android.geo.API_KEY"
144            android:value="AIzaSyDdWyeJlc4Uf_B76kQYAwv8gsBSvI4RX30"/>
145        -->
146        <meta-data
147            android:name="com.google.android.geo.API_KEY"
148            android:value="AIzaSyB8-NiW7qtyEXNy_n0AfyFYeTxto8lVfGc" />
149
150        <service
150-->[:geolocator_android] AndroidManifest.xml:12:9-16:56
151            android:name="com.baseflow.geolocator.GeolocatorLocationService"
151-->[:geolocator_android] AndroidManifest.xml:13:13-77
152            android:enabled="true"
152-->[:geolocator_android] AndroidManifest.xml:14:13-35
153            android:exported="false"
153-->[:geolocator_android] AndroidManifest.xml:15:13-37
154            android:foregroundServiceType="location" />
154-->[:geolocator_android] AndroidManifest.xml:16:13-53
155
156        <provider
156-->[:image_picker_android] AndroidManifest.xml:10:9-18:20
157            android:name="io.flutter.plugins.imagepicker.ImagePickerFileProvider"
157-->[:image_picker_android] AndroidManifest.xml:11:13-82
158            android:authorities="com.guscom.izwrk.flutter.image_provider"
158-->[:image_picker_android] AndroidManifest.xml:12:13-74
159            android:exported="false"
159-->[:image_picker_android] AndroidManifest.xml:13:13-37
160            android:grantUriPermissions="true" >
160-->[:image_picker_android] AndroidManifest.xml:14:13-47
161            <meta-data
161-->[:image_picker_android] AndroidManifest.xml:15:13-17:75
162                android:name="android.support.FILE_PROVIDER_PATHS"
162-->[:image_picker_android] AndroidManifest.xml:16:17-67
163                android:resource="@xml/flutter_image_picker_file_paths" />
163-->[:image_picker_android] AndroidManifest.xml:17:17-72
164        </provider>
165
166        <activity
166-->[:url_launcher_android] AndroidManifest.xml:10:9-13:74
167            android:name="io.flutter.plugins.urllauncher.WebViewActivity"
167-->[:url_launcher_android] AndroidManifest.xml:11:13-74
168            android:exported="false"
168-->[:url_launcher_android] AndroidManifest.xml:12:13-37
169            android:theme="@android:style/Theme.NoTitleBar.Fullscreen" />
169-->[:url_launcher_android] AndroidManifest.xml:13:13-71
170
171        <provider
171-->[:open_filex] AndroidManifest.xml:18:9-27:20
172            android:name="com.crazecoder.openfile.FileProvider"
172-->[:open_filex] AndroidManifest.xml:19:13-64
173            android:authorities="com.guscom.izwrk.fileProvider.com.crazecoder.openfile"
173-->[:open_filex] AndroidManifest.xml:20:13-88
174            android:exported="false"
174-->[:open_filex] AndroidManifest.xml:21:13-37
175            android:grantUriPermissions="true" >
175-->[:open_filex] AndroidManifest.xml:22:13-47
176            <meta-data
176-->[:image_picker_android] AndroidManifest.xml:15:13-17:75
177                android:name="android.support.FILE_PROVIDER_PATHS"
177-->[:image_picker_android] AndroidManifest.xml:16:17-67
178                android:resource="@xml/filepaths" />
178-->[:image_picker_android] AndroidManifest.xml:17:17-72
179        </provider> <!-- Needs to be explicitly declared on P+ -->
180        <uses-library
180-->[com.google.android.gms:play-services-maps:18.1.0] AndroidManifest.xml:39:9-41:40
181            android:name="org.apache.http.legacy"
181-->[com.google.android.gms:play-services-maps:18.1.0] AndroidManifest.xml:40:13-50
182            android:required="false" />
182-->[com.google.android.gms:play-services-maps:18.1.0] AndroidManifest.xml:41:13-37
183
184        <activity
184-->[com.google.android.gms:play-services-base:18.0.1] AndroidManifest.xml:20:9-22:45
185            android:name="com.google.android.gms.common.api.GoogleApiActivity"
185-->[com.google.android.gms:play-services-base:18.0.1] AndroidManifest.xml:20:19-85
186            android:exported="false"
186-->[com.google.android.gms:play-services-base:18.0.1] AndroidManifest.xml:22:19-43
187            android:theme="@android:style/Theme.Translucent.NoTitleBar" />
187-->[com.google.android.gms:play-services-base:18.0.1] AndroidManifest.xml:21:19-78
188
189        <meta-data
189-->[com.google.android.gms:play-services-basement:18.0.0] AndroidManifest.xml:21:9-23:69
190            android:name="com.google.android.gms.version"
190-->[com.google.android.gms:play-services-basement:18.0.0] AndroidManifest.xml:22:13-58
191            android:value="@integer/google_play_services_version" />
191-->[com.google.android.gms:play-services-basement:18.0.0] AndroidManifest.xml:23:13-66
192
193        <uses-library
193-->[androidx.window:window:1.0.0-beta04] AndroidManifest.xml:25:9-27:40
194            android:name="androidx.window.extensions"
194-->[androidx.window:window:1.0.0-beta04] AndroidManifest.xml:26:13-54
195            android:required="false" />
195-->[androidx.window:window:1.0.0-beta04] AndroidManifest.xml:27:13-37
196        <uses-library
196-->[androidx.window:window:1.0.0-beta04] AndroidManifest.xml:28:9-30:40
197            android:name="androidx.window.sidecar"
197-->[androidx.window:window:1.0.0-beta04] AndroidManifest.xml:29:13-51
198            android:required="false" />
198-->[androidx.window:window:1.0.0-beta04] AndroidManifest.xml:30:13-37
199    </application>
200
201</manifest>